<?xml version="1.0" encoding="UTF-8"?>
<testsuite name="hackathon.jackpot.JackpotApplicationTests" tests="1" skipped="0" failures="0" errors="0" timestamp="2022-07-09T12:26:48" hostname="DESKTOP-P768A9P" time="0.666">
  <properties/>
  <testcase name="contextLoads()" classname="hackathon.jackpot.JackpotApplicationTests" time="0.666"/>
  <system-out><![CDATA[21:26:44.845 [Test worker] DEBUG org.springframework.test.context.BootstrapUtils - Instantiating CacheAwareContextLoaderDelegate from class [org.springframework.test.context.cache.DefaultCacheAwareContextLoaderDelegate]
21:26:44.855 [Test worker] DEBUG org.springframework.test.context.BootstrapUtils - Instantiating BootstrapContext using constructor [public org.springframework.test.context.support.DefaultBootstrapContext(java.lang.Class,org.springframework.test.context.CacheAwareContextLoaderDelegate)]
21:26:44.885 [Test worker] DEBUG org.springframework.test.context.BootstrapUtils - Instantiating TestContextBootstrapper for test class [hackathon.jackpot.JackpotApplicationTests] from class [org.springframework.boot.test.context.SpringBootTestContextBootstrapper]
21:26:44.895 [Test worker] INFO org.springframework.boot.test.context.SpringBootTestContextBootstrapper - Neither @ContextConfiguration nor @ContextHierarchy found for test class [hackathon.jackpot.JackpotApplicationTests], using SpringBootContextLoader
21:26:44.899 [Test worker] DEBUG org.springframework.test.context.support.AbstractContextLoader - Did not detect default resource location for test class [hackathon.jackpot.JackpotApplicationTests]: class path resource [hackathon/jackpot/JackpotApplicationTests-context.xml] does not exist
21:26:44.899 [Test worker] DEBUG org.springframework.test.context.support.AbstractContextLoader - Did not detect default resource location for test class [hackathon.jackpot.JackpotApplicationTests]: class path resource [hackathon/jackpot/JackpotApplicationTestsContext.groovy] does not exist
21:26:44.899 [Test worker] INFO org.springframework.test.context.support.AbstractContextLoader - Could not detect default resource locations for test class [hackathon.jackpot.JackpotApplicationTests]: no resource found for suffixes {-context.xml, Context.groovy}.
21:26:44.900 [Test worker] INFO org.springframework.test.context.support.AnnotationConfigContextLoaderUtils - Could not detect default configuration classes for test class [hackathon.jackpot.JackpotApplicationTests]: JackpotApplicationTests does not declare any static, non-private, non-final, nested classes annotated with @Configuration.
21:26:44.937 [Test worker] DEBUG org.springframework.test.context.support.ActiveProfilesUtils - Could not find an 'annotation declaring class' for annotation type [org.springframework.test.context.ActiveProfiles] and class [hackathon.jackpot.JackpotApplicationTests]
21:26:44.991 [Test worker] DEBUG org.springframework.context.annotation.ClassPathScanningCandidateComponentProvider - Identified candidate component class: file [C:\Users\sonsh\OneDrive\문서\GitHub\10_jackpot\jackpotBack\build\classes\java\main\hackathon\jackpot\JackpotApplication.class]
21:26:44.993 [Test worker] INFO org.springframework.boot.test.context.SpringBootTestContextBootstrapper - Found @SpringBootConfiguration hackathon.jackpot.JackpotApplication for test class hackathon.jackpot.JackpotApplicationTests
21:26:45.092 [Test worker] DEBUG org.springframework.boot.test.context.SpringBootTestContextBootstrapper - @TestExecutionListeners is not present for class [hackathon.jackpot.JackpotApplicationTests]: using defaults.
21:26:45.093 [Test worker] INFO org.springframework.boot.test.context.SpringBootTestContextBootstrapper - Loaded default TestExecutionListener class names from location [META-INF/spring.factories]: [org.springframework.boot.test.autoconfigure.restdocs.RestDocsTestExecutionListener, org.springframework.boot.test.autoconfigure.web.client.MockRestServiceServerResetTestExecutionListener, org.springframework.boot.test.autoconfigure.web.servlet.MockMvcPrintOnlyOnFailureTestExecutionListener, org.springframework.boot.test.autoconfigure.web.servlet.WebDriverTestExecutionListener, org.springframework.boot.test.autoconfigure.webservices.client.MockWebServiceServerTestExecutionListener, org.springframework.boot.test.mock.mockito.MockitoTestExecutionListener, org.springframework.boot.test.mock.mockito.ResetMocksTestExecutionListener, org.springframework.test.context.web.ServletTestExecutionListener, org.springframework.test.context.support.DirtiesContextBeforeModesTestExecutionListener, org.springframework.test.context.event.ApplicationEventsTestExecutionListener, org.springframework.test.context.support.DependencyInjectionTestExecutionListener, org.springframework.test.context.support.DirtiesContextTestExecutionListener, org.springframework.test.context.transaction.TransactionalTestExecutionListener, org.springframework.test.context.jdbc.SqlScriptsTestExecutionListener, org.springframework.test.context.event.EventPublishingTestExecutionListener]
21:26:45.115 [Test worker] INFO org.springframework.boot.test.context.SpringBootTestContextBootstrapper - Using TestExecutionListeners: [org.springframework.test.context.web.ServletTestExecutionListener@4c51bb7, org.springframework.test.context.support.DirtiesContextBeforeModesTestExecutionListener@83298d7, org.springframework.test.context.event.ApplicationEventsTestExecutionListener@42a9e5d1, org.springframework.boot.test.mock.mockito.MockitoTestExecutionListener@5b080f3a, org.springframework.boot.test.autoconfigure.SpringBootDependencyInjectionTestExecutionListener@773cbf4f, org.springframework.test.context.support.DirtiesContextTestExecutionListener@6b54655f, org.springframework.test.context.transaction.TransactionalTestExecutionListener@665e9289, org.springframework.test.context.jdbc.SqlScriptsTestExecutionListener@7d3430a7, org.springframework.test.context.event.EventPublishingTestExecutionListener@6f603e89, org.springframework.boot.test.autoconfigure.restdocs.RestDocsTestExecutionListener@2756c0a7, org.springframework.boot.test.autoconfigure.web.client.MockRestServiceServerResetTestExecutionListener@350ec41e, org.springframework.boot.test.autoconfigure.web.servlet.MockMvcPrintOnlyOnFailureTestExecutionListener@69637b10, org.springframework.boot.test.autoconfigure.web.servlet.WebDriverTestExecutionListener@71984c3, org.springframework.boot.test.autoconfigure.webservices.client.MockWebServiceServerTestExecutionListener@165b2f7f, org.springframework.boot.test.mock.mockito.ResetMocksTestExecutionListener@5536379e]
21:26:45.119 [Test worker] DEBUG org.springframework.test.context.support.AbstractDirtiesContextTestExecutionListener - Before test class: context [DefaultTestContext@2c3dec30 testClass = JackpotApplicationTests, testInstance = [null], testMethod = [null], testException = [null], mergedContextConfiguration = [WebMergedContextConfiguration@34a97744 testClass = JackpotApplicationTests, locations = '{}', classes = '{class hackathon.jackpot.JackpotApplication}', contextInitializerClasses = '[]', activeProfiles = '{}', propertySourceLocations = '{}', propertySourceProperties = '{org.springframework.boot.test.context.SpringBootTestContextBootstrapper=true}', contextCustomizers = set[org.springframework.boot.test.autoconfigure.actuate.metrics.MetricsExportContextCustomizerFactory$DisableMetricExportContextCustomizer@332796d3, org.springframework.boot.test.autoconfigure.properties.PropertyMappingContextCustomizer@0, org.springframework.boot.test.autoconfigure.web.servlet.WebDriverContextCustomizerFactory$Customizer@545b995e, org.springframework.boot.test.context.filter.ExcludeFilterContextCustomizer@29526c05, org.springframework.boot.test.json.DuplicateJsonObjectContextCustomizerFactory$DuplicateJsonObjectContextCustomizer@58be6e8, org.springframework.boot.test.mock.mockito.MockitoContextCustomizer@0, org.springframework.boot.test.web.client.TestRestTemplateContextCustomizer@539d019, org.springframework.boot.test.context.SpringBootTestArgs@1, org.springframework.boot.test.context.SpringBootTestWebEnvironment@52102734], resourceBasePath = 'src/main/webapp', contextLoader = 'org.springframework.boot.test.context.SpringBootContextLoader', parent = [null]], attributes = map['org.springframework.test.context.web.ServletTestExecutionListener.activateListener' -> true]], class annotated with @DirtiesContext [false] with mode [null].

  .   ____          _            __ _ _
 /\\ / ___'_ __ _ _(_)_ __  __ _ \ \ \ \
( ( )\___ | '_ | '_| | '_ \/ _` | \ \ \ \
 \\/  ___)| |_)| | | | | || (_| |  ) ) ) )
  '  |____| .__|_| |_|_| |_\__, | / / / /
 =========|_|==============|___/=/_/_/_/
 :: Spring Boot ::                (v2.7.1)

2022-07-09 21:26:45.518  INFO 19404 --- [    Test worker] h.jackpot.JackpotApplicationTests        : Starting JackpotApplicationTests using Java 15.0.2 on DESKTOP-P768A9P with PID 19404 (started by sonsh in C:\Users\sonsh\OneDrive\문서\GitHub\10_jackpot\jackpotBack)
2022-07-09 21:26:45.519  INFO 19404 --- [    Test worker] h.jackpot.JackpotApplicationTests        : No active profile set, falling back to 1 default profile: "default"
2022-07-09 21:26:46.153  INFO 19404 --- [    Test worker] .s.d.r.c.RepositoryConfigurationDelegate : Bootstrapping Spring Data JDBC repositories in DEFAULT mode.
2022-07-09 21:26:46.170  INFO 19404 --- [    Test worker] .s.d.r.c.RepositoryConfigurationDelegate : Finished Spring Data repository scanning in 10 ms. Found 0 JDBC repository interfaces.
2022-07-09 21:26:47.513  INFO 19404 --- [    Test worker] com.zaxxer.hikari.HikariDataSource       : HikariPool-1 - Starting...
2022-07-09 21:26:48.160  INFO 19404 --- [    Test worker] com.zaxxer.hikari.HikariDataSource       : HikariPool-1 - Start completed.
2022-07-09 21:26:48.367  INFO 19404 --- [    Test worker] h.jackpot.JackpotApplicationTests        : Started JackpotApplicationTests in 3.206 seconds (JVM running for 4.214)
]]></system-out>
  <system-err><![CDATA[]]></system-err>
</testsuite>
