<?xml version="1.0" encoding="UTF-8"?>
<testsuite name="hackathon.jackpot.JackpotApplicationTests" tests="1" skipped="0" failures="0" errors="0" timestamp="2022-07-09T15:03:28" hostname="DESKTOP-P768A9P" time="0.448">
  <properties/>
  <testcase name="contextLoads()" classname="hackathon.jackpot.JackpotApplicationTests" time="0.448"/>
  <system-out><![CDATA[00:03:23.893 [Test worker] DEBUG org.springframework.test.context.BootstrapUtils - Instantiating CacheAwareContextLoaderDelegate from class [org.springframework.test.context.cache.DefaultCacheAwareContextLoaderDelegate]
00:03:23.903 [Test worker] DEBUG org.springframework.test.context.BootstrapUtils - Instantiating BootstrapContext using constructor [public org.springframework.test.context.support.DefaultBootstrapContext(java.lang.Class,org.springframework.test.context.CacheAwareContextLoaderDelegate)]
00:03:23.930 [Test worker] DEBUG org.springframework.test.context.BootstrapUtils - Instantiating TestContextBootstrapper for test class [hackathon.jackpot.JackpotApplicationTests] from class [org.springframework.boot.test.context.SpringBootTestContextBootstrapper]
00:03:23.939 [Test worker] INFO org.springframework.boot.test.context.SpringBootTestContextBootstrapper - Neither @ContextConfiguration nor @ContextHierarchy found for test class [hackathon.jackpot.JackpotApplicationTests], using SpringBootContextLoader
00:03:23.943 [Test worker] DEBUG org.springframework.test.context.support.AbstractContextLoader - Did not detect default resource location for test class [hackathon.jackpot.JackpotApplicationTests]: class path resource [hackathon/jackpot/JackpotApplicationTests-context.xml] does not exist
00:03:23.944 [Test worker] DEBUG org.springframework.test.context.support.AbstractContextLoader - Did not detect default resource location for test class [hackathon.jackpot.JackpotApplicationTests]: class path resource [hackathon/jackpot/JackpotApplicationTestsContext.groovy] does not exist
00:03:23.944 [Test worker] INFO org.springframework.test.context.support.AbstractContextLoader - Could not detect default resource locations for test class [hackathon.jackpot.JackpotApplicationTests]: no resource found for suffixes {-context.xml, Context.groovy}.
00:03:23.945 [Test worker] INFO org.springframework.test.context.support.AnnotationConfigContextLoaderUtils - Could not detect default configuration classes for test class [hackathon.jackpot.JackpotApplicationTests]: JackpotApplicationTests does not declare any static, non-private, non-final, nested classes annotated with @Configuration.
00:03:23.982 [Test worker] DEBUG org.springframework.test.context.support.ActiveProfilesUtils - Could not find an 'annotation declaring class' for annotation type [org.springframework.test.context.ActiveProfiles] and class [hackathon.jackpot.JackpotApplicationTests]
00:03:24.040 [Test worker] DEBUG org.springframework.context.annotation.ClassPathScanningCandidateComponentProvider - Identified candidate component class: file [C:\Users\sonsh\OneDrive\문서\GitHub\10_jackpot\jackpotBack\build\classes\java\main\hackathon\jackpot\JackpotApplication.class]
00:03:24.042 [Test worker] INFO org.springframework.boot.test.context.SpringBootTestContextBootstrapper - Found @SpringBootConfiguration hackathon.jackpot.JackpotApplication for test class hackathon.jackpot.JackpotApplicationTests
00:03:24.123 [Test worker] DEBUG org.springframework.boot.test.context.SpringBootTestContextBootstrapper - @TestExecutionListeners is not present for class [hackathon.jackpot.JackpotApplicationTests]: using defaults.
00:03:24.123 [Test worker] INFO org.springframework.boot.test.context.SpringBootTestContextBootstrapper - Loaded default TestExecutionListener class names from location [META-INF/spring.factories]: [org.springframework.boot.test.autoconfigure.restdocs.RestDocsTestExecutionListener, org.springframework.boot.test.autoconfigure.web.client.MockRestServiceServerResetTestExecutionListener, org.springframework.boot.test.autoconfigure.web.servlet.MockMvcPrintOnlyOnFailureTestExecutionListener, org.springframework.boot.test.autoconfigure.web.servlet.WebDriverTestExecutionListener, org.springframework.boot.test.autoconfigure.webservices.client.MockWebServiceServerTestExecutionListener, org.springframework.boot.test.mock.mockito.MockitoTestExecutionListener, org.springframework.boot.test.mock.mockito.ResetMocksTestExecutionListener, org.springframework.test.context.web.ServletTestExecutionListener, org.springframework.test.context.support.DirtiesContextBeforeModesTestExecutionListener, org.springframework.test.context.event.ApplicationEventsTestExecutionListener, org.springframework.test.context.support.DependencyInjectionTestExecutionListener, org.springframework.test.context.support.DirtiesContextTestExecutionListener, org.springframework.test.context.transaction.TransactionalTestExecutionListener, org.springframework.test.context.jdbc.SqlScriptsTestExecutionListener, org.springframework.test.context.event.EventPublishingTestExecutionListener]
00:03:24.138 [Test worker] INFO org.springframework.boot.test.context.SpringBootTestContextBootstrapper - Using TestExecutionListeners: [org.springframework.test.context.web.ServletTestExecutionListener@e260766, org.springframework.test.context.support.DirtiesContextBeforeModesTestExecutionListener@2c3dec30, org.springframework.test.context.event.ApplicationEventsTestExecutionListener@34a97744, org.springframework.boot.test.mock.mockito.MockitoTestExecutionListener@4275c20c, org.springframework.boot.test.autoconfigure.SpringBootDependencyInjectionTestExecutionListener@7c56e013, org.springframework.test.context.support.DirtiesContextTestExecutionListener@3fc9dfc5, org.springframework.test.context.transaction.TransactionalTestExecutionListener@40258c2f, org.springframework.test.context.jdbc.SqlScriptsTestExecutionListener@2cac4385, org.springframework.test.context.event.EventPublishingTestExecutionListener@6731787b, org.springframework.boot.test.autoconfigure.restdocs.RestDocsTestExecutionListener@16f7b4af, org.springframework.boot.test.autoconfigure.web.client.MockRestServiceServerResetTestExecutionListener@7adf16aa, org.springframework.boot.test.autoconfigure.web.servlet.MockMvcPrintOnlyOnFailureTestExecutionListener@34a1d21f, org.springframework.boot.test.autoconfigure.web.servlet.WebDriverTestExecutionListener@58bf8650, org.springframework.boot.test.autoconfigure.webservices.client.MockWebServiceServerTestExecutionListener@73c60324, org.springframework.boot.test.mock.mockito.ResetMocksTestExecutionListener@71ae31b0]
00:03:24.142 [Test worker] DEBUG org.springframework.test.context.support.AbstractDirtiesContextTestExecutionListener - Before test class: context [DefaultTestContext@4bf3798b testClass = JackpotApplicationTests, testInstance = [null], testMethod = [null], testException = [null], mergedContextConfiguration = [WebMergedContextConfiguration@58670130 testClass = JackpotApplicationTests, locations = '{}', classes = '{class hackathon.jackpot.JackpotApplication}', contextInitializerClasses = '[]', activeProfiles = '{}', propertySourceLocations = '{}', propertySourceProperties = '{org.springframework.boot.test.context.SpringBootTestContextBootstrapper=true}', contextCustomizers = set[org.springframework.boot.test.autoconfigure.actuate.metrics.MetricsExportContextCustomizerFactory$DisableMetricExportContextCustomizer@524f3b3a, org.springframework.boot.test.autoconfigure.properties.PropertyMappingContextCustomizer@0, org.springframework.boot.test.autoconfigure.web.servlet.WebDriverContextCustomizerFactory$Customizer@539d019, org.springframework.boot.test.context.filter.ExcludeFilterContextCustomizer@6f63b475, org.springframework.boot.test.json.DuplicateJsonObjectContextCustomizerFactory$DuplicateJsonObjectContextCustomizer@b2c5e07, org.springframework.boot.test.mock.mockito.MockitoContextCustomizer@0, org.springframework.boot.test.web.client.TestRestTemplateContextCustomizer@676cf48, org.springframework.boot.test.context.SpringBootTestArgs@1, org.springframework.boot.test.context.SpringBootTestWebEnvironment@4cc8eb05], resourceBasePath = 'src/main/webapp', contextLoader = 'org.springframework.boot.test.context.SpringBootContextLoader', parent = [null]], attributes = map['org.springframework.test.context.web.ServletTestExecutionListener.activateListener' -> true]], class annotated with @DirtiesContext [false] with mode [null].

  .   ____          _            __ _ _
 /\\ / ___'_ __ _ _(_)_ __  __ _ \ \ \ \
( ( )\___ | '_ | '_| | '_ \/ _` | \ \ \ \
 \\/  ___)| |_)| | | | | || (_| |  ) ) ) )
  '  |____| .__|_| |_|_| |_\__, | / / / /
 =========|_|==============|___/=/_/_/_/
 :: Spring Boot ::                (v2.7.1)

2022-07-10 00:03:24.490  INFO 2972 --- [    Test worker] h.jackpot.JackpotApplicationTests        : Starting JackpotApplicationTests using Java 15.0.2 on DESKTOP-P768A9P with PID 2972 (started by sonsh in C:\Users\sonsh\OneDrive\문서\GitHub\10_jackpot\jackpotBack)
2022-07-10 00:03:24.491  INFO 2972 --- [    Test worker] h.jackpot.JackpotApplicationTests        : No active profile set, falling back to 1 default profile: "default"
2022-07-10 00:03:25.206  INFO 2972 --- [    Test worker] .s.d.r.c.RepositoryConfigurationDelegate : Bootstrapping Spring Data JDBC repositories in DEFAULT mode.
2022-07-10 00:03:25.221  INFO 2972 --- [    Test worker] .s.d.r.c.RepositoryConfigurationDelegate : Finished Spring Data repository scanning in 11 ms. Found 0 JDBC repository interfaces.
C:\Users\sonsh\OneDrive\문서\GitHub\10_jackpot\jackpotBack
최종 경로: C:\Users\sonsh\OneDrive\문서\GitHub\10_jackpot\imgHKT\
2022-07-10 00:03:27.318  INFO 2972 --- [    Test worker] com.zaxxer.hikari.HikariDataSource       : HikariPool-1 - Starting...
2022-07-10 00:03:27.902  INFO 2972 --- [    Test worker] com.zaxxer.hikari.HikariDataSource       : HikariPool-1 - Start completed.
2022-07-10 00:03:28.082  INFO 2972 --- [    Test worker] h.jackpot.JackpotApplicationTests        : Started JackpotApplicationTests in 3.908 seconds (JVM running for 4.849)
]]></system-out>
  <system-err><![CDATA[]]></system-err>
</testsuite>
